Library/Bee/Android/Prj/Mono2x/Gradle/launcher/build/intermediates/manifest_merge_blame_file/release/manifest-merger-blame-release-report.txt
1<?xml version="1.0" encoding="utf-8"?>
2<manifest xmlns:android="http://schemas.android.com/apk/res/android"
3    package="com.Suibi.NrealwithMocap"
4    android:installLocation="preferExternal"
5    android:versionCode="1"
6    android:versionName="0.1" >
7
8    <uses-sdk
9        android:minSdkVersion="26"
9-->src/main/AndroidManifest.xml
10        android:targetSdkVersion="30" />
10-->src/main/AndroidManifest.xml
11
12    <supports-screens
12-->src/main/AndroidManifest.xml:3:3-163
13        android:anyDensity="true"
13-->src/main/AndroidManifest.xml:3:135-160
14        android:largeScreens="true"
14-->src/main/AndroidManifest.xml:3:78-105
15        android:normalScreens="true"
15-->src/main/AndroidManifest.xml:3:49-77
16        android:smallScreens="true"
16-->src/main/AndroidManifest.xml:3:21-48
17        android:xlargeScreens="true" />
17-->src/main/AndroidManifest.xml:3:106-134
18
19    <uses-permission android:name="android.permission.BLUETOOTH" />
19-->[:unityLibrary] AndroidManifest.xml:21:5-68
19-->[:unityLibrary] AndroidManifest.xml:21:22-65
20
21    <uses-feature android:glEsVersion="0x00030001" />
21-->[:unityLibrary] AndroidManifest.xml:23:5-54
21-->[:unityLibrary] AndroidManifest.xml:23:19-51
22
23    <uses-permission android:name="android.permission.INTERNET" />
23-->[:unityLibrary] AndroidManifest.xml:25:5-67
23-->[:unityLibrary] AndroidManifest.xml:25:22-64
24    <uses-permission android:name="android.permission.VIBRATE" />
24-->[:unityLibrary] AndroidManifest.xml:26:5-66
24-->[:unityLibrary] AndroidManifest.xml:26:22-63
25    <uses-permission android:name="android.permission.ACCESS_NETWORK_STATE" />
25-->[:unityLibrary] AndroidManifest.xml:27:5-79
25-->[:unityLibrary] AndroidManifest.xml:27:22-76
26
27    <uses-feature
27-->[:unityLibrary] AndroidManifest.xml:29:5-31:36
28        android:name="android.hardware.touchscreen"
28-->[:unityLibrary] AndroidManifest.xml:30:9-52
29        android:required="false" />
29-->[:unityLibrary] AndroidManifest.xml:31:9-33
30    <uses-feature
30-->[:unityLibrary] AndroidManifest.xml:32:5-34:36
31        android:name="android.hardware.touchscreen.multitouch"
31-->[:unityLibrary] AndroidManifest.xml:33:9-63
32        android:required="false" />
32-->[:unityLibrary] AndroidManifest.xml:34:9-33
33    <uses-feature
33-->[:unityLibrary] AndroidManifest.xml:35:5-37:36
34        android:name="android.hardware.touchscreen.multitouch.distinct"
34-->[:unityLibrary] AndroidManifest.xml:36:9-72
35        android:required="false" />
35-->[:unityLibrary] AndroidManifest.xml:37:9-33
36
37    <uses-permission android:name="android.permission.FOREGROUND_SERVICE" />
37-->[:nrunityandroidpermission:] AndroidManifest.xml:12:5-77
37-->[:nrunityandroidpermission:] AndroidManifest.xml:12:22-74
38
39    <queries>
39-->[:nr_api:] AndroidManifest.xml:11:5-15:15
40        <intent>
40-->[:nr_api:] AndroidManifest.xml:12:9-14:18
41            <action android:name="ai.nreal.nrsdk.network.type.server" />
41-->[:nr_api:] AndroidManifest.xml:13:13-73
41-->[:nr_api:] AndroidManifest.xml:13:21-70
42        </intent>
43    </queries>
44
45    <uses-permission android:name="android.permission.HIGH_SAMPLING_RATE_SENSORS" />
45-->[:nr_api:] AndroidManifest.xml:17:5-85
45-->[:nr_api:] AndroidManifest.xml:17:22-82
46
47    <application
47-->src/main/AndroidManifest.xml:4:3-83
48        android:extractNativeLibs="true"
48-->[:unityLibrary] AndroidManifest.xml:40:9-41
49        android:icon="@mipmap/app_icon"
49-->src/main/AndroidManifest.xml:4:49-80
50        android:label="@string/app_name"
50-->src/main/AndroidManifest.xml:4:16-48
51        android:theme="@style/UnityThemeSelector" >
51-->[:unityLibrary] AndroidManifest.xml:43:9-50
52        <activity
52-->[:unityLibrary] AndroidManifest.xml:44:9-60:20
53            android:name="com.unity3d.player.UnityPlayerActivity"
53-->[:unityLibrary] AndroidManifest.xml:45:13-66
54            android:configChanges="mcc|mnc|locale|touchscreen|keyboard|keyboardHidden|navigation|orientation|screenLayout|uiMode|screenSize|smallestScreenSize|fontScale|layoutDirection|density"
54-->[:unityLibrary] AndroidManifest.xml:46:13-194
55            android:hardwareAccelerated="false"
55-->[:unityLibrary] AndroidManifest.xml:47:13-48
56            android:launchMode="singleTask"
56-->[:unityLibrary] AndroidManifest.xml:48:13-44
57            android:resizeableActivity="false"
57-->[:unityLibrary] AndroidManifest.xml:49:13-47
58            android:screenOrientation="portrait" >
58-->[:unityLibrary] AndroidManifest.xml:50:13-49
59            <intent-filter>
59-->[:unityLibrary] AndroidManifest.xml:51:13-55:29
60                <action android:name="android.intent.action.MAIN" />
60-->[:unityLibrary] AndroidManifest.xml:52:17-69
60-->[:unityLibrary] AndroidManifest.xml:52:25-66
61
62                <category android:name="android.intent.category.LAUNCHER" />
62-->[:unityLibrary] AndroidManifest.xml:54:17-77
62-->[:unityLibrary] AndroidManifest.xml:54:27-74
63            </intent-filter>
64
65            <meta-data
65-->[:unityLibrary] AndroidManifest.xml:57:13-59:40
66                android:name="android.notch_support"
66-->[:unityLibrary] AndroidManifest.xml:58:17-53
67                android:value="true" />
67-->[:unityLibrary] AndroidManifest.xml:59:17-37
68        </activity>
69
70        <meta-data
70-->[:unityLibrary] AndroidManifest.xml:62:9-64:36
71            android:name="nreal_sdk"
71-->[:unityLibrary] AndroidManifest.xml:63:13-37
72            android:value="true" />
72-->[:unityLibrary] AndroidManifest.xml:64:13-33
73        <meta-data
73-->[:unityLibrary] AndroidManifest.xml:65:9-67:51
74            android:name="com.nreal.supportDevices"
74-->[:unityLibrary] AndroidManifest.xml:66:13-52
75            android:value="NrealLight|NrealAir" />
75-->[:unityLibrary] AndroidManifest.xml:67:13-48
76        <meta-data
76-->[:unityLibrary] AndroidManifest.xml:68:9-70:33
77            android:name="unity.splash-mode"
77-->[:unityLibrary] AndroidManifest.xml:69:13-45
78            android:value="0" />
78-->[:unityLibrary] AndroidManifest.xml:70:13-30
79        <meta-data
79-->[:unityLibrary] AndroidManifest.xml:71:9-73:36
80            android:name="unity.splash-enable"
80-->[:unityLibrary] AndroidManifest.xml:72:13-47
81            android:value="True" />
81-->[:unityLibrary] AndroidManifest.xml:73:13-33
82        <meta-data
82-->[:unityLibrary] AndroidManifest.xml:74:9-76:36
83            android:name="unity.launch-fullscreen"
83-->[:unityLibrary] AndroidManifest.xml:75:13-51
84            android:value="True" />
84-->[:unityLibrary] AndroidManifest.xml:76:13-33
85        <meta-data
85-->[:unityLibrary] AndroidManifest.xml:77:9-79:37
86            android:name="unity.allow-resizable-window"
86-->[:unityLibrary] AndroidManifest.xml:78:13-56
87            android:value="False" />
87-->[:unityLibrary] AndroidManifest.xml:79:13-34
88        <meta-data
88-->[:unityLibrary] AndroidManifest.xml:80:9-82:50
89            android:name="notch.config"
89-->[:unityLibrary] AndroidManifest.xml:81:13-40
90            android:value="portrait|landscape" />
90-->[:unityLibrary] AndroidManifest.xml:82:13-47
91
92        <service
92-->[:nrunityandroidpermission:] AndroidManifest.xml:15:9-19:63
93            android:name="ai.nreal.sdk.MediaProjectionService"
93-->[:nrunityandroidpermission:] AndroidManifest.xml:16:13-63
94            android:enabled="true"
94-->[:nrunityandroidpermission:] AndroidManifest.xml:17:13-35
95            android:exported="true"
95-->[:nrunityandroidpermission:] AndroidManifest.xml:18:13-36
96            android:foregroundServiceType="mediaProjection" />
96-->[:nrunityandroidpermission:] AndroidManifest.xml:19:13-60
97    </application>
98
99</manifest>